2013/08/22 17:15:44 [error] [php] include(Auth.php): failed to open stream: No such file or directory (D:\workspace\php\yii-1.1.10.r3566\framework\YiiBase.php:418)
Stack trace:
#0 D:\workspace\php\superblog\protected\views\element\header.php(3): spl_autoload_call()
#1 D:\workspace\php\yii-1.1.10.r3566\framework\web\CBaseController.php(127): require()
#2 D:\workspace\php\yii-1.1.10.r3566\framework\web\CBaseController.php(96): SiteController->renderInternal()
#3 D:\workspace\php\yii-1.1.10.r3566\framework\web\CController.php(870): SiteController->renderFile()
#4 D:\workspace\php\superblog\protected\views\layouts\global.php(28): SiteController->renderPartial()
#5 D:\workspace\php\yii-1.1.10.r3566\framework\web\CBaseController.php(127): require()
#6 D:\workspace\php\yii-1.1.10.r3566\framework\web\CBaseController.php(96): SiteController->renderInternal()
#7 D:\workspace\php\yii-1.1.10.r3566\framework\web\widgets\CContentDecorator.php(77): SiteController->renderFile()
#8 D:\workspace\php\yii-1.1.10.r3566\framework\web\widgets\CContentDecorator.php(55): CContentDecorator->decorate()
#9 D:\workspace\php\yii-1.1.10.r3566\framework\web\widgets\COutputProcessor.php(45): CContentDecorator->processOutput()
#10 D:\workspace\php\yii-1.1.10.r3566\framework\web\CBaseController.php(207): CContentDecorator->run()
#11 D:\workspace\php\yii-1.1.10.r3566\framework\web\CBaseController.php(301): SiteController->endWidget()
#12 D:\workspace\php\superblog\protected\views\layouts\column2.php(21): SiteController->endContent()
#13 D:\workspace\php\yii-1.1.10.r3566\framework\web\CBaseController.php(127): require()
#14 D:\workspace\php\yii-1.1.10.r3566\framework\web\CBaseController.php(96): SiteController->renderInternal()
#15 D:\workspace\php\yii-1.1.10.r3566\framework\web\CController.php(785): SiteController->renderFile()
#16 D:\workspace\php\superblog\protected\controllers\SiteController.php(33): SiteController->render()
#17 D:\workspace\php\yii-1.1.10.r3566\framework\web\actions\CInlineAction.php(50): SiteController->actionIndex()
#18 D:\workspace\php\yii-1.1.10.r3566\framework\web\CController.php(309): CInlineAction->runWithParams()
#19 D:\workspace\php\yii-1.1.10.r3566\framework\web\CController.php(287): SiteController->runAction()
#20 D:\workspace\php\yii-1.1.10.r3566\framework\web\CController.php(266): SiteController->runActionWithFilters()
#21 D:\workspace\php\yii-1.1.10.r3566\framework\web\CWebApplication.php(276): SiteController->run()
#22 D:\workspace\php\yii-1.1.10.r3566\framework\web\CWebApplication.php(135): CWebApplication->runController()
#23 D:\workspace\php\yii-1.1.10.r3566\framework\base\CApplication.php(162): CWebApplication->processRequest()
#24 D:\workspace\php\superblog\index.php(13): CWebApplication->run()
REQUEST_URI=/superblog/index.php?r=site/index
in D:\workspace\php\superblog\protected\views\element\header.php (3)
in D:\workspace\php\superblog\protected\views\layouts\global.php (28)
in D:\workspace\php\superblog\protected\views\layouts\column2.php (21)
2013/08/22 17:16:51 [error] [php] include(Uri.php): failed to open stream: No such file or directory (D:\workspace\php\yii-1.1.10.r3566\framework\YiiBase.php:418)
Stack trace:
#0 D:\workspace\php\superblog\protected\views\element\header.php(7): spl_autoload_call()
#1 D:\workspace\php\yii-1.1.10.r3566\framework\web\CBaseController.php(127): require()
#2 D:\workspace\php\yii-1.1.10.r3566\framework\web\CBaseController.php(96): SiteController->renderInternal()
#3 D:\workspace\php\yii-1.1.10.r3566\framework\web\CController.php(870): SiteController->renderFile()
#4 D:\workspace\php\superblog\protected\views\layouts\global.php(28): SiteController->renderPartial()
#5 D:\workspace\php\yii-1.1.10.r3566\framework\web\CBaseController.php(127): require()
#6 D:\workspace\php\yii-1.1.10.r3566\framework\web\CBaseController.php(96): SiteController->renderInternal()
#7 D:\workspace\php\yii-1.1.10.r3566\framework\web\widgets\CContentDecorator.php(77): SiteController->renderFile()
#8 D:\workspace\php\yii-1.1.10.r3566\framework\web\widgets\CContentDecorator.php(55): CContentDecorator->decorate()
#9 D:\workspace\php\yii-1.1.10.r3566\framework\web\widgets\COutputProcessor.php(45): CContentDecorator->processOutput()
#10 D:\workspace\php\yii-1.1.10.r3566\framework\web\CBaseController.php(207): CContentDecorator->run()
#11 D:\workspace\php\yii-1.1.10.r3566\framework\web\CBaseController.php(301): SiteController->endWidget()
#12 D:\workspace\php\superblog\protected\views\layouts\column2.php(21): SiteController->endContent()
#13 D:\workspace\php\yii-1.1.10.r3566\framework\web\CBaseController.php(127): require()
#14 D:\workspace\php\yii-1.1.10.r3566\framework\web\CBaseController.php(96): SiteController->renderInternal()
#15 D:\workspace\php\yii-1.1.10.r3566\framework\web\CController.php(785): SiteController->renderFile()
#16 D:\workspace\php\superblog\protected\controllers\SiteController.php(33): SiteController->render()
#17 D:\workspace\php\yii-1.1.10.r3566\framework\web\actions\CInlineAction.php(50): SiteController->actionIndex()
#18 D:\workspace\php\yii-1.1.10.r3566\framework\web\CController.php(309): CInlineAction->runWithParams()
#19 D:\workspace\php\yii-1.1.10.r3566\framework\web\CController.php(287): SiteController->runAction()
#20 D:\workspace\php\yii-1.1.10.r3566\framework\web\CController.php(266): SiteController->runActionWithFilters()
#21 D:\workspace\php\yii-1.1.10.r3566\framework\web\CWebApplication.php(276): SiteController->run()
#22 D:\workspace\php\yii-1.1.10.r3566\framework\web\CWebApplication.php(135): CWebApplication->runController()
#23 D:\workspace\php\yii-1.1.10.r3566\framework\base\CApplication.php(162): CWebApplication->processRequest()
#24 D:\workspace\php\superblog\index.php(13): CWebApplication->run()
REQUEST_URI=/superblog/index.php?r=site/index
in D:\workspace\php\superblog\protected\views\element\header.php (7)
in D:\workspace\php\superblog\protected\views\layouts\global.php (28)
in D:\workspace\php\superblog\protected\views\layouts\column2.php (21)
2013/08/22 17:19:28 [error] [php] include(Html.php): failed to open stream: No such file or directory (D:\workspace\php\yii-1.1.10.r3566\framework\YiiBase.php:418)
Stack trace:
#0 D:\workspace\php\superblog\protected\views\element\header.php(20): spl_autoload_call()
#1 D:\workspace\php\yii-1.1.10.r3566\framework\web\CBaseController.php(127): require()
#2 D:\workspace\php\yii-1.1.10.r3566\framework\web\CBaseController.php(96): SiteController->renderInternal()
#3 D:\workspace\php\yii-1.1.10.r3566\framework\web\CController.php(870): SiteController->renderFile()
#4 D:\workspace\php\superblog\protected\views\layouts\global.php(28): SiteController->renderPartial()
#5 D:\workspace\php\yii-1.1.10.r3566\framework\web\CBaseController.php(127): require()
#6 D:\workspace\php\yii-1.1.10.r3566\framework\web\CBaseController.php(96): SiteController->renderInternal()
#7 D:\workspace\php\yii-1.1.10.r3566\framework\web\widgets\CContentDecorator.php(77): SiteController->renderFile()
#8 D:\workspace\php\yii-1.1.10.r3566\framework\web\widgets\CContentDecorator.php(55): CContentDecorator->decorate()
#9 D:\workspace\php\yii-1.1.10.r3566\framework\web\widgets\COutputProcessor.php(45): CContentDecorator->processOutput()
#10 D:\workspace\php\yii-1.1.10.r3566\framework\web\CBaseController.php(207): CContentDecorator->run()
#11 D:\workspace\php\yii-1.1.10.r3566\framework\web\CBaseController.php(301): SiteController->endWidget()
#12 D:\workspace\php\superblog\protected\views\layouts\column2.php(21): SiteController->endContent()
#13 D:\workspace\php\yii-1.1.10.r3566\framework\web\CBaseController.php(127): require()
#14 D:\workspace\php\yii-1.1.10.r3566\framework\web\CBaseController.php(96): SiteController->renderInternal()
#15 D:\workspace\php\yii-1.1.10.r3566\framework\web\CController.php(785): SiteController->renderFile()
#16 D:\workspace\php\superblog\protected\controllers\SiteController.php(33): SiteController->render()
#17 D:\workspace\php\yii-1.1.10.r3566\framework\web\actions\CInlineAction.php(50): SiteController->actionIndex()
#18 D:\workspace\php\yii-1.1.10.r3566\framework\web\CController.php(309): CInlineAction->runWithParams()
#19 D:\workspace\php\yii-1.1.10.r3566\framework\web\CController.php(287): SiteController->runAction()
#20 D:\workspace\php\yii-1.1.10.r3566\framework\web\CController.php(266): SiteController->runActionWithFilters()
#21 D:\workspace\php\yii-1.1.10.r3566\framework\web\CWebApplication.php(276): SiteController->run()
#22 D:\workspace\php\yii-1.1.10.r3566\framework\web\CWebApplication.php(135): CWebApplication->runController()
#23 D:\workspace\php\yii-1.1.10.r3566\framework\base\CApplication.php(162): CWebApplication->processRequest()
#24 D:\workspace\php\superblog\index.php(13): CWebApplication->run()
REQUEST_URI=/superblog/index.php?r=site/index
in D:\workspace\php\superblog\protected\views\element\header.php (20)
in D:\workspace\php\superblog\protected\views\layouts\global.php (28)
in D:\workspace\php\superblog\protected\views\layouts\column2.php (21)
2013/08/22 17:19:30 [error] [php] include(Html.php): failed to open stream: No such file or directory (D:\workspace\php\yii-1.1.10.r3566\framework\YiiBase.php:418)
Stack trace:
#0 D:\workspace\php\superblog\protected\views\element\header.php(20): spl_autoload_call()
#1 D:\workspace\php\yii-1.1.10.r3566\framework\web\CBaseController.php(127): require()
#2 D:\workspace\php\yii-1.1.10.r3566\framework\web\CBaseController.php(96): SiteController->renderInternal()
#3 D:\workspace\php\yii-1.1.10.r3566\framework\web\CController.php(870): SiteController->renderFile()
#4 D:\workspace\php\superblog\protected\views\layouts\global.php(28): SiteController->renderPartial()
#5 D:\workspace\php\yii-1.1.10.r3566\framework\web\CBaseController.php(127): require()
#6 D:\workspace\php\yii-1.1.10.r3566\framework\web\CBaseController.php(96): SiteController->renderInternal()
#7 D:\workspace\php\yii-1.1.10.r3566\framework\web\widgets\CContentDecorator.php(77): SiteController->renderFile()
#8 D:\workspace\php\yii-1.1.10.r3566\framework\web\widgets\CContentDecorator.php(55): CContentDecorator->decorate()
#9 D:\workspace\php\yii-1.1.10.r3566\framework\web\widgets\COutputProcessor.php(45): CContentDecorator->processOutput()
#10 D:\workspace\php\yii-1.1.10.r3566\framework\web\CBaseController.php(207): CContentDecorator->run()
#11 D:\workspace\php\yii-1.1.10.r3566\framework\web\CBaseController.php(301): SiteController->endWidget()
#12 D:\workspace\php\superblog\protected\views\layouts\column2.php(21): SiteController->endContent()
#13 D:\workspace\php\yii-1.1.10.r3566\framework\web\CBaseController.php(127): require()
#14 D:\workspace\php\yii-1.1.10.r3566\framework\web\CBaseController.php(96): SiteController->renderInternal()
#15 D:\workspace\php\yii-1.1.10.r3566\framework\web\CController.php(785): SiteController->renderFile()
#16 D:\workspace\php\superblog\protected\controllers\SiteController.php(33): SiteController->render()
#17 D:\workspace\php\yii-1.1.10.r3566\framework\web\actions\CInlineAction.php(50): SiteController->actionIndex()
#18 D:\workspace\php\yii-1.1.10.r3566\framework\web\CController.php(309): CInlineAction->runWithParams()
#19 D:\workspace\php\yii-1.1.10.r3566\framework\web\CController.php(287): SiteController->runAction()
#20 D:\workspace\php\yii-1.1.10.r3566\framework\web\CController.php(266): SiteController->runActionWithFilters()
#21 D:\workspace\php\yii-1.1.10.r3566\framework\web\CWebApplication.php(276): SiteController->run()
#22 D:\workspace\php\yii-1.1.10.r3566\framework\web\CWebApplication.php(135): CWebApplication->runController()
#23 D:\workspace\php\yii-1.1.10.r3566\framework\base\CApplication.php(162): CWebApplication->processRequest()
#24 D:\workspace\php\superblog\index.php(13): CWebApplication->run()
REQUEST_URI=/superblog/index.php?r=site/index
in D:\workspace\php\superblog\protected\views\element\header.php (20)
in D:\workspace\php\superblog\protected\views\layouts\global.php (28)
in D:\workspace\php\superblog\protected\views\layouts\column2.php (21)
